<?xml version="1.0" encoding="UTF-8"?>
<!-- Generated by org.testng.reporters.JUnitXMLReporter -->
<testsuite hostname="AMK10939" name="Command line test" tests="5" failures="0" timestamp="3 Sep 2013 09:52:26 GMT" time="1.066" errors="0">
  <testcase name="checkExpectedException" time="0.026" classname="sample.UtilsNGTest"/>
  <testcase name="helloWorldCheck" time="0.002" classname="sample.UtilsNGTest"/>
  <testcase name="testWithTimeout" time="0.984" classname="sample.UtilsNGTest"/>
  <testcase name="ScalarMultiplicationCheck" time="0.013" classname="sample.VectorsNGTest"/>
  <testcase name="equalsCheck" time="0.0" classname="sample.VectorsNGTest"/>
</testsuite> <!-- Command line test -->
