<?xml version="1.0" encoding="UTF-8"?>
<!-- Generated by org.testng.reporters.JUnitXMLReporter -->
<testsuite hostname="AMK10939" name="Command line test" tests="1" failures="1" timestamp="18 Sep 2013 07:23:07 GMT" time="0.083" errors="0">
  <testcase name="testMain" time="0.018" classname="com.st.myapp.AppNGTest">
    <failure type="java.lang.AssertionError" message="The test case is a prototype.">
      <![CDATA[java.lang.AssertionError: The test case is a prototype.
	at com.st.myapp.AppNGTest.testMain(AppNGTest.java:48)
... Removed 34 stack frames]]>
    </failure>
  </testcase> <!-- testMain -->
</testsuite> <!-- Command line test -->
